#
# A fatal error has been detected by the Java Runtime Environment:
#
#  SIGSEGV (0xb) at pc=0x000000010bbb1a57, pid=19305, tid=19459
#
# JRE version: Java(TM) SE Runtime Environment (11.0+28) (build 11+28)
# Java VM: Java HotSpot(TM) 64-Bit Server VM (11+28, mixed mode, tiered, compressed oops, g1 gc, bsd-amd64)
# Problematic frame:
# V  [libjvm.dylib+0x5b1a57]  Metadata::mark_on_stack(Metadata*)+0x7
#
# No core dump will be written. Core dumps have been disabled. To enable core dumping, try "ulimit -c unlimited" before starting Java again
#
# If you would like to submit a bug report, please visit:
#   http://bugreport.java.com/bugreport/crash.jsp
#

---------------  S U M M A R Y ------------

Command Line: -agentlib:jdwp=transport=dt_socket,suspend=y,address=localhost:60361 -javaagent:/Applications/Eclipse.app/Contents/Eclipse/configuration/org.eclipse.osgi/253/0/.cp/lib/javaagent-shaded.jar -Dfile.encoding=UTF-8 CW1_GA

Host: MacBookPro14,1 x86_64 2300 MHz, 4 cores, 8G, Darwin 18.7.0
Time: Mon Nov 23 14:37:39 2020 GMT elapsed time: 104 seconds (0d 0h 1m 44s)

---------------  T H R E A D  ---------------

Current thread (0x00007fcc3300d000):  VMThread "VM Thread" [stack: 0x000070000d438000,0x000070000d538000] [id=19459]

Stack: [0x000070000d438000,0x000070000d538000],  sp=0x000070000d5379d0,  free space=1022k
Native frames: (J=compiled Java code, A=aot compiled Java code, j=interpreted, Vv=VM code, C=native code)
V  [libjvm.dylib+0x5b1a57]  Metadata::mark_on_stack(Metadata*)+0x7
V  [libjvm.dylib+0x705e09]  ThreadHandlesClosure::do_thread(Thread*)+0x2f
V  [libjvm.dylib+0x703315]  Threads::java_threads_do(ThreadClosure*)+0x47
V  [libjvm.dylib+0x704da3]  Threads::metadata_handles_do(void (*)(Metadata*))+0x23
V  [libjvm.dylib+0x5b1a0a]  MetadataOnStackMark::MetadataOnStackMark(bool)+0x14
V  [libjvm.dylib+0x4d279b]  VM_RedefineClasses::doit()+0x45
V  [libjvm.dylib+0x75ae49]  VM_Operation::evaluate()+0xd5
V  [libjvm.dylib+0x75a460]  VMThread::evaluate_operation(VM_Operation*)+0x13a
V  [libjvm.dylib+0x759ead]  VMThread::loop()+0xed
V  [libjvm.dylib+0x759cd2]  VMThread::run()+0x76
V  [libjvm.dylib+0x600cb3]  thread_native_entry(Thread*)+0x135
C  [libsystem_pthread.dylib+0x32eb]  _pthread_body+0x7e
C  [libsystem_pthread.dylib+0x6249]  _pthread_start+0x42
C  [libsystem_pthread.dylib+0x240d]  thread_start+0xd


siginfo: si_signo: 11 (SIGSEGV), si_code: 1 (SEGV_MAPERR), si_addr: 0x000000ca0bf00388

Register to memory mapping:

RAX=0x000000ca0bf00320 is an unknown value
RBX=0x0 is NULL
RCX=0x000000010bf65a90: _ZN15JfrEventSetting19_jvm_event_settingsE+0 in /Library/Java/JavaVirtualMachines/jdk-11.jdk/Contents/Home/lib/server/libjvm.dylib at 0x000000010b600000
RDX=0x0 is NULL
RSP=0x000070000d5379d0 points into unknown readable memory
RBP=0x000070000d5379d0 points into unknown readable memory
RSI=0x00007fcc31807800 is a thread
RDI=0x000000012af670c0 is pointing into metadata
R8 =0x00000000000000b9 is an unknown value
R9 =0x7ff52aab282082a2 is an unknown value
R10=0x0000000000000002 is an unknown value
R11=0x000000010a5f0a00 points into unknown readable memory
R12=0x0000000000000060 is an unknown value
R13=0x0 is NULL
R14=0x00007fcc31807800 is a thread
R15=0x000000010bbb1a50: _ZN8Metadata13mark_on_stackEPS_+0 in /Library/Java/JavaVirtualMachines/jdk-11.jdk/Contents/Home/lib/server/libjvm.dylib at 0x000000010b600000


Registers:
RAX=0x000000ca0bf00320, RBX=0x0000000000000000, RCX=0x000000010bf65a90, RDX=0x0000000000000000
RSP=0x000070000d5379d0, RBP=0x000070000d5379d0, RSI=0x00007fcc31807800, RDI=0x000000012af670c0
R8 =0x00000000000000b9, R9 =0x7ff52aab282082a2, R10=0x0000000000000002, R11=0x000000010a5f0a00
R12=0x0000000000000060, R13=0x0000000000000000, R14=0x00007fcc31807800, R15=0x000000010bbb1a50
RIP=0x000000010bbb1a57, EFLAGS=0x0000000000010246, ERR=0x0000000000000004
  TRAPNO=0x000000000000000e

Top of Stack: (sp=0x000070000d5379d0)
0x000070000d5379d0:   000070000d537a00 000000010bd05e09
0x000070000d5379e0:   000000010bf410a8 00007fcc3164f208
0x000070000d5379f0:   0000000000000240 000070000d537a48
0x000070000d537a00:   000070000d537a30 000000010bd03315
0x000070000d537a10:   000070000d537a48 000000010bf573b0
0x000070000d537a20:   00007fcc3300d000 000070000dd4f9e0
0x000070000d537a30:   000070000d537a60 000000010bd04da3
0x000070000d537a40:   0000000000000000 000000010bf410a8
0x000070000d537a50:   000000010bbb1a50 0000000000000001
0x000070000d537a60:   000070000d537a80 000000010bbb1a0a
0x000070000d537a70:   000000010bf200d9 000070000dd4f9e0
0x000070000d537a80:   000070000d537b10 000000010bad279b
0x000070000d537a90:   000000010bf3fd18 000000010bf9c998
0x000070000d537aa0:   000070000d537ab8 0000000100000001
0x000070000d537ab0:   000070000d537ab8 0000000200000002
0x000070000d537ac0:   0000000100000000 00007fcc00000001
0x000070000d537ad0:   000070000d537c60 000000000000000c
0x000070000d537ae0:   0000000000000000 0000000000000000
0x000070000d537af0:   000070000dd4f9e0 000000010bf573b0
0x000070000d537b00:   000000010bdd10e7 000000000000000f
0x000070000d537b10:   000070000d537c10 000000010bd5ae49
0x000070000d537b20:   000070000d537d30 00007fcc31524eb0
0x000070000d537b30:   00007fcc3140a090 00007fcc3140a0a0
0x000070000d537b40:   00007fcc3140a478 00000000000003d8
0x000070000d537b50:   0000000000000000 7fb5ebe2816b0081
0x000070000d537b60:   0000000000000000 0000000000000000
0x000070000d537b70:   000070000d537d00 000000010bf77d38
0x000070000d537b80:   000070000d537ba0 000000010befe2b8
0x000070000d537b90:   00007fcc31504c30 0000000400000000
0x000070000d537ba0:   0000000000000000 000000000000000c
0x000070000d537bb0:   0000000000000000 0000000000000000
0x000070000d537bc0:   00007fcc3300d000 00007fcc3164e490 

Instructions: (pc=0x000000010bbb1a57)
0x000000010bbb1a37:   82 15 00 48 89 df 48 83 c4 08 5b 5d e9 dc 66 ec
0x000000010bbb1a47:   ff 48 83 c4 08 5b 5d c3 90 55 48 89 e5 48 8b 07
0x000000010bbb1a57:   48 8b 40 68 be 01 00 00 00 5d ff e0 90 55 48 89
0x000000010bbb1a67:   e5 40 0f b6 f6 5d e9 84 ff ff ff 55 48 89 e5 41 

VM_Operation (0x000070000dd4f9e0): RedefineClasses, mode: safepoint, requested by thread 0x00007fcc320a0800


---------------  P R O C E S S  ---------------

Threads class SMR info:
_java_thread_list=0x00007fcc3164e490, length=12, elements={
0x00007fcc31807800, 0x00007fcc33087800, 0x00007fcc32824000, 0x00007fcc32004000,
0x00007fcc32005000, 0x00007fcc32823000, 0x00007fcc33095800, 0x00007fcc31806800,
0x00007fcc320a0800, 0x00007fcc318c6800, 0x00007fcc32866000, 0x00007fcc318ca000
}

Java Threads: ( => current thread )
  0x00007fcc31807800 JavaThread "main" [_thread_blocked, id=6659, stack(0x000070000ce26000,0x000070000cf26000)]
  0x00007fcc33087800 JavaThread "Reference Handler" daemon [_thread_blocked, id=13827, stack(0x000070000d53b000,0x000070000d63b000)]
  0x00007fcc32824000 JavaThread "Finalizer" daemon [_thread_blocked, id=14339, stack(0x000070000d63e000,0x000070000d73e000)]
  0x00007fcc32004000 JavaThread "Signal Dispatcher" daemon [_thread_blocked, id=16131, stack(0x000070000d741000,0x000070000d841000)]
  0x00007fcc32005000 JavaThread "C2 CompilerThread0" daemon [_thread_blocked, id=16387, stack(0x000070000d844000,0x000070000d944000)]
  0x00007fcc32823000 JavaThread "C1 CompilerThread0" daemon [_thread_blocked, id=16899, stack(0x000070000d947000,0x000070000da47000)]
  0x00007fcc33095800 JavaThread "Sweeper thread" daemon [_thread_blocked, id=22275, stack(0x000070000da4a000,0x000070000db4a000)]
  0x00007fcc31806800 JavaThread "Common-Cleaner" daemon [_thread_blocked, id=23043, stack(0x000070000db4d000,0x000070000dc4d000)]
  0x00007fcc320a0800 JavaThread "JDWP Transport Listener: dt_socket" daemon [_thread_blocked, id=42755, stack(0x000070000dc50000,0x000070000dd50000)]
  0x00007fcc318c6800 JavaThread "JDWP Event Helper Thread" daemon [_thread_blocked, id=42243, stack(0x000070000dd53000,0x000070000de53000)]
  0x00007fcc32866000 JavaThread "JDWP Command Reader" daemon [_thread_in_native, id=41987, stack(0x000070000de56000,0x000070000df56000)]
  0x00007fcc318ca000 JavaThread "Service Thread" daemon [_thread_blocked, id=24067, stack(0x000070000df59000,0x000070000e059000)]

Other Threads:
=>0x00007fcc3300d000 VMThread "VM Thread" [stack: 0x000070000d438000,0x000070000d538000] [id=19459]
  0x00007fcc31946000 WatcherThread [stack: 0x000070000e05c000,0x000070000e15c000] [id=40963]
  0x00007fcc33006800 GCTaskThread "GC Thread#0" [stack: 0x000070000cf29000,0x000070000d029000] [id=20995]
  0x00007fcc3302b800 ConcurrentGCThread "G1 Main Marker" [stack: 0x000070000d02c000,0x000070000d12c000] [id=20483]
  0x00007fcc3302c800 ConcurrentGCThread "G1 Conc#0" [stack: 0x000070000d12f000,0x000070000d22f000] [id=12547]
  0x00007fcc3202c000 ConcurrentGCThread "G1 Refine#0" [stack: 0x000070000d232000,0x000070000d332000] [id=12803]
  0x00007fcc32802000 ConcurrentGCThread "G1 Young RemSet Sampling" [stack: 0x000070000d335000,0x000070000d435000] [id=13059]

Threads with active compile tasks:

VM state:at safepoint (normal execution)

VM Mutex/Monitor currently owned by a thread:  ([mutex/lock_event])
[0x00007fcc31504cb0] Threads_lock - owner thread: 0x00007fcc3300d000

Heap address: 0x0000000780000000, size: 2048 MB, Compressed Oops mode: Zero based, Oop shift amount: 3
Narrow klass base: 0x0000000800000000, Narrow klass shift: 0
Compressed class space size: 1073741824 Address: 0x0000000800000000

Heap:
 garbage-first heap   total 131072K, used 4096K [0x0000000780000000, 0x0000000800000000)
  region size 1024K, 5 young (5120K), 0 survivors (0K)
 Metaspace       used 8777K, capacity 8867K, committed 9088K, reserved 1056768K
  class space    used 763K, capacity 802K, committed 896K, reserved 1048576K
Heap Regions: E=young(eden), S=young(survivor), O=old, HS=humongous(starts), HC=humongous(continues), CS=collection set, F=free, A=archive, TAMS=top-at-mark-start (previous, next)
|   0|0x0000000780000000, 0x0000000780000000, 0x0000000780100000|  0%| F|  |TAMS 0x0000000780000000, 0x0000000780000000| Untracked 
|   1|0x0000000780100000, 0x0000000780100000, 0x0000000780200000|  0%| F|  |TAMS 0x0000000780100000, 0x0000000780100000| Untracked 
|   2|0x0000000780200000, 0x0000000780200000, 0x0000000780300000|  0%| F|  |TAMS 0x0000000780200000, 0x0000000780200000| Untracked 
|   3|0x0000000780300000, 0x0000000780300000, 0x0000000780400000|  0%| F|  |TAMS 0x0000000780300000, 0x0000000780300000| Untracked 
|   4|0x0000000780400000, 0x0000000780400000, 0x0000000780500000|  0%| F|  |TAMS 0x0000000780400000, 0x0000000780400000| Untracked 
|   5|0x0000000780500000, 0x0000000780500000, 0x0000000780600000|  0%| F|  |TAMS 0x0000000780500000, 0x0000000780500000| Untracked 
|   6|0x0000000780600000, 0x0000000780600000, 0x0000000780700000|  0%| F|  |TAMS 0x0000000780600000, 0x0000000780600000| Untracked 
|   7|0x0000000780700000, 0x0000000780700000, 0x0000000780800000|  0%| F|  |TAMS 0x0000000780700000, 0x0000000780700000| Untracked 
|   8|0x0000000780800000, 0x0000000780800000, 0x0000000780900000|  0%| F|  |TAMS 0x0000000780800000, 0x0000000780800000| Untracked 
|   9|0x0000000780900000, 0x0000000780900000, 0x0000000780a00000|  0%| F|  |TAMS 0x0000000780900000, 0x0000000780900000| Untracked 
|  10|0x0000000780a00000, 0x0000000780a00000, 0x0000000780b00000|  0%| F|  |TAMS 0x0000000780a00000, 0x0000000780a00000| Untracked 
|  11|0x0000000780b00000, 0x0000000780b00000, 0x0000000780c00000|  0%| F|  |TAMS 0x0000000780b00000, 0x0000000780b00000| Untracked 
|  12|0x0000000780c00000, 0x0000000780c00000, 0x0000000780d00000|  0%| F|  |TAMS 0x0000000780c00000, 0x0000000780c00000| Untracked 
|  13|0x0000000780d00000, 0x0000000780d00000, 0x0000000780e00000|  0%| F|  |TAMS 0x0000000780d00000, 0x0000000780d00000| Untracked 
|  14|0x0000000780e00000, 0x0000000780e00000, 0x0000000780f00000|  0%| F|  |TAMS 0x0000000780e00000, 0x0000000780e00000| Untracked 
|  15|0x0000000780f00000, 0x0000000780f00000, 0x0000000781000000|  0%| F|  |TAMS 0x0000000780f00000, 0x0000000780f00000| Untracked 
|  16|0x0000000781000000, 0x0000000781000000, 0x0000000781100000|  0%| F|  |TAMS 0x0000000781000000, 0x0000000781000000| Untracked 
|  17|0x0000000781100000, 0x0000000781100000, 0x0000000781200000|  0%| F|  |TAMS 0x0000000781100000, 0x0000000781100000| Untracked 
|  18|0x0000000781200000, 0x0000000781200000, 0x0000000781300000|  0%| F|  |TAMS 0x0000000781200000, 0x0000000781200000| Untracked 
|  19|0x0000000781300000, 0x0000000781300000, 0x0000000781400000|  0%| F|  |TAMS 0x0000000781300000, 0x0000000781300000| Untracked 
|  20|0x0000000781400000, 0x0000000781400000, 0x0000000781500000|  0%| F|  |TAMS 0x0000000781400000, 0x0000000781400000| Untracked 
|  21|0x0000000781500000, 0x0000000781500000, 0x0000000781600000|  0%| F|  |TAMS 0x0000000781500000, 0x0000000781500000| Untracked 
|  22|0x0000000781600000, 0x0000000781600000, 0x0000000781700000|  0%| F|  |TAMS 0x0000000781600000, 0x0000000781600000| Untracked 
|  23|0x0000000781700000, 0x0000000781700000, 0x0000000781800000|  0%| F|  |TAMS 0x0000000781700000, 0x0000000781700000| Untracked 
|  24|0x0000000781800000, 0x0000000781800000, 0x0000000781900000|  0%| F|  |TAMS 0x0000000781800000, 0x0000000781800000| Untracked 
|  25|0x0000000781900000, 0x0000000781900000, 0x0000000781a00000|  0%| F|  |TAMS 0x0000000781900000, 0x0000000781900000| Untracked 
|  26|0x0000000781a00000, 0x0000000781a00000, 0x0000000781b00000|  0%| F|  |TAMS 0x0000000781a00000, 0x0000000781a00000| Untracked 
|  27|0x0000000781b00000, 0x0000000781b00000, 0x0000000781c00000|  0%| F|  |TAMS 0x0000000781b00000, 0x0000000781b00000| Untracked 
|  28|0x0000000781c00000, 0x0000000781c00000, 0x0000000781d00000|  0%| F|  |TAMS 0x0000000781c00000, 0x0000000781c00000| Untracked 
|  29|0x0000000781d00000, 0x0000000781d00000, 0x0000000781e00000|  0%| F|  |TAMS 0x0000000781d00000, 0x0000000781d00000| Untracked 
|  30|0x0000000781e00000, 0x0000000781e00000, 0x0000000781f00000|  0%| F|  |TAMS 0x0000000781e00000, 0x0000000781e00000| Untracked 
|  31|0x0000000781f00000, 0x0000000781f00000, 0x0000000782000000|  0%| F|  |TAMS 0x0000000781f00000, 0x0000000781f00000| Untracked 
|  32|0x0000000782000000, 0x0000000782000000, 0x0000000782100000|  0%| F|  |TAMS 0x0000000782000000, 0x0000000782000000| Untracked 
|  33|0x0000000782100000, 0x0000000782100000, 0x0000000782200000|  0%| F|  |TAMS 0x0000000782100000, 0x0000000782100000| Untracked 
|  34|0x0000000782200000, 0x0000000782200000, 0x0000000782300000|  0%| F|  |TAMS 0x0000000782200000, 0x0000000782200000| Untracked 
|  35|0x0000000782300000, 0x0000000782300000, 0x0000000782400000|  0%| F|  |TAMS 0x0000000782300000, 0x0000000782300000| Untracked 
|  36|0x0000000782400000, 0x0000000782400000, 0x0000000782500000|  0%| F|  |TAMS 0x0000000782400000, 0x0000000782400000| Untracked 
|  37|0x0000000782500000, 0x0000000782500000, 0x0000000782600000|  0%| F|  |TAMS 0x0000000782500000, 0x0000000782500000| Untracked 
|  38|0x0000000782600000, 0x0000000782600000, 0x0000000782700000|  0%| F|  |TAMS 0x0000000782600000, 0x0000000782600000| Untracked 
|  39|0x0000000782700000, 0x0000000782700000, 0x0000000782800000|  0%| F|  |TAMS 0x0000000782700000, 0x0000000782700000| Untracked 
|  40|0x0000000782800000, 0x0000000782800000, 0x0000000782900000|  0%| F|  |TAMS 0x0000000782800000, 0x0000000782800000| Untracked 
|  41|0x0000000782900000, 0x0000000782900000, 0x0000000782a00000|  0%| F|  |TAMS 0x0000000782900000, 0x0000000782900000| Untracked 
|  42|0x0000000782a00000, 0x0000000782a00000, 0x0000000782b00000|  0%| F|  |TAMS 0x0000000782a00000, 0x0000000782a00000| Untracked 
|  43|0x0000000782b00000, 0x0000000782b00000, 0x0000000782c00000|  0%| F|  |TAMS 0x0000000782b00000, 0x0000000782b00000| Untracked 
|  44|0x0000000782c00000, 0x0000000782c00000, 0x0000000782d00000|  0%| F|  |TAMS 0x0000000782c00000, 0x0000000782c00000| Untracked 
|  45|0x0000000782d00000, 0x0000000782d00000, 0x0000000782e00000|  0%| F|  |TAMS 0x0000000782d00000, 0x0000000782d00000| Untracked 
|  46|0x0000000782e00000, 0x0000000782e00000, 0x0000000782f00000|  0%| F|  |TAMS 0x0000000782e00000, 0x0000000782e00000| Untracked 
|  47|0x0000000782f00000, 0x0000000782f00000, 0x0000000783000000|  0%| F|  |TAMS 0x0000000782f00000, 0x0000000782f00000| Untracked 
|  48|0x0000000783000000, 0x0000000783000000, 0x0000000783100000|  0%| F|  |TAMS 0x0000000783000000, 0x0000000783000000| Untracked 
|  49|0x0000000783100000, 0x0000000783100000, 0x0000000783200000|  0%| F|  |TAMS 0x0000000783100000, 0x0000000783100000| Untracked 
|  50|0x0000000783200000, 0x0000000783200000, 0x0000000783300000|  0%| F|  |TAMS 0x0000000783200000, 0x0000000783200000| Untracked 
|  51|0x0000000783300000, 0x0000000783300000, 0x0000000783400000|  0%| F|  |TAMS 0x0000000783300000, 0x0000000783300000| Untracked 
|  52|0x0000000783400000, 0x0000000783400000, 0x0000000783500000|  0%| F|  |TAMS 0x0000000783400000, 0x0000000783400000| Untracked 
|  53|0x0000000783500000, 0x0000000783500000, 0x0000000783600000|  0%| F|  |TAMS 0x0000000783500000, 0x0000000783500000| Untracked 
|  54|0x0000000783600000, 0x0000000783600000, 0x0000000783700000|  0%| F|  |TAMS 0x0000000783600000, 0x0000000783600000| Untracked 
|  55|0x0000000783700000, 0x0000000783700000, 0x0000000783800000|  0%| F|  |TAMS 0x0000000783700000, 0x0000000783700000| Untracked 
|  56|0x0000000783800000, 0x0000000783800000, 0x0000000783900000|  0%| F|  |TAMS 0x0000000783800000, 0x0000000783800000| Untracked 
|  57|0x0000000783900000, 0x0000000783900000, 0x0000000783a00000|  0%| F|  |TAMS 0x0000000783900000, 0x0000000783900000| Untracked 
|  58|0x0000000783a00000, 0x0000000783a00000, 0x0000000783b00000|  0%| F|  |TAMS 0x0000000783a00000, 0x0000000783a00000| Untracked 
|  59|0x0000000783b00000, 0x0000000783b00000, 0x0000000783c00000|  0%| F|  |TAMS 0x0000000783b00000, 0x0000000783b00000| Untracked 
|  60|0x0000000783c00000, 0x0000000783c00000, 0x0000000783d00000|  0%| F|  |TAMS 0x0000000783c00000, 0x0000000783c00000| Untracked 
|  61|0x0000000783d00000, 0x0000000783d00000, 0x0000000783e00000|  0%| F|  |TAMS 0x0000000783d00000, 0x0000000783d00000| Untracked 
|  62|0x0000000783e00000, 0x0000000783e00000, 0x0000000783f00000|  0%| F|  |TAMS 0x0000000783e00000, 0x0000000783e00000| Untracked 
|  63|0x0000000783f00000, 0x0000000783f00000, 0x0000000784000000|  0%| F|  |TAMS 0x0000000783f00000, 0x0000000783f00000| Untracked 
|  64|0x0000000784000000, 0x0000000784000000, 0x0000000784100000|  0%| F|  |TAMS 0x0000000784000000, 0x0000000784000000| Untracked 
|  65|0x0000000784100000, 0x0000000784100000, 0x0000000784200000|  0%| F|  |TAMS 0x0000000784100000, 0x0000000784100000| Untracked 
|  66|0x0000000784200000, 0x0000000784200000, 0x0000000784300000|  0%| F|  |TAMS 0x0000000784200000, 0x0000000784200000| Untracked 
|  67|0x0000000784300000, 0x0000000784300000, 0x0000000784400000|  0%| F|  |TAMS 0x0000000784300000, 0x0000000784300000| Untracked 
|  68|0x0000000784400000, 0x0000000784400000, 0x0000000784500000|  0%| F|  |TAMS 0x0000000784400000, 0x0000000784400000| Untracked 
|  69|0x0000000784500000, 0x0000000784500000, 0x0000000784600000|  0%| F|  |TAMS 0x0000000784500000, 0x0000000784500000| Untracked 
|  70|0x0000000784600000, 0x0000000784600000, 0x0000000784700000|  0%| F|  |TAMS 0x0000000784600000, 0x0000000784600000| Untracked 
|  71|0x0000000784700000, 0x0000000784700000, 0x0000000784800000|  0%| F|  |TAMS 0x0000000784700000, 0x0000000784700000| Untracked 
|  72|0x0000000784800000, 0x0000000784800000, 0x0000000784900000|  0%| F|  |TAMS 0x0000000784800000, 0x0000000784800000| Untracked 
|  73|0x0000000784900000, 0x0000000784900000, 0x0000000784a00000|  0%| F|  |TAMS 0x0000000784900000, 0x0000000784900000| Untracked 
|  74|0x0000000784a00000, 0x0000000784a00000, 0x0000000784b00000|  0%| F|  |TAMS 0x0000000784a00000, 0x0000000784a00000| Untracked 
|  75|0x0000000784b00000, 0x0000000784b00000, 0x0000000784c00000|  0%| F|  |TAMS 0x0000000784b00000, 0x0000000784b00000| Untracked 
|  76|0x0000000784c00000, 0x0000000784c00000, 0x0000000784d00000|  0%| F|  |TAMS 0x0000000784c00000, 0x0000000784c00000| Untracked 
|  77|0x0000000784d00000, 0x0000000784d00000, 0x0000000784e00000|  0%| F|  |TAMS 0x0000000784d00000, 0x0000000784d00000| Untracked 
|  78|0x0000000784e00000, 0x0000000784e00000, 0x0000000784f00000|  0%| F|  |TAMS 0x0000000784e00000, 0x0000000784e00000| Untracked 
|  79|0x0000000784f00000, 0x0000000784f00000, 0x0000000785000000|  0%| F|  |TAMS 0x0000000784f00000, 0x0000000784f00000| Untracked 
|  80|0x0000000785000000, 0x0000000785000000, 0x0000000785100000|  0%| F|  |TAMS 0x0000000785000000, 0x0000000785000000| Untracked 
|  81|0x0000000785100000, 0x0000000785100000, 0x0000000785200000|  0%| F|  |TAMS 0x0000000785100000, 0x0000000785100000| Untracked 
|  82|0x0000000785200000, 0x0000000785200000, 0x0000000785300000|  0%| F|  |TAMS 0x0000000785200000, 0x0000000785200000| Untracked 
|  83|0x0000000785300000, 0x0000000785300000, 0x0000000785400000|  0%| F|  |TAMS 0x0000000785300000, 0x0000000785300000| Untracked 
|  84|0x0000000785400000, 0x0000000785400000, 0x0000000785500000|  0%| F|  |TAMS 0x0000000785400000, 0x0000000785400000| Untracked 
|  85|0x0000000785500000, 0x0000000785500000, 0x0000000785600000|  0%| F|  |TAMS 0x0000000785500000, 0x0000000785500000| Untracked 
|  86|0x0000000785600000, 0x0000000785600000, 0x0000000785700000|  0%| F|  |TAMS 0x0000000785600000, 0x0000000785600000| Untracked 
|  87|0x0000000785700000, 0x0000000785700000, 0x0000000785800000|  0%| F|  |TAMS 0x0000000785700000, 0x0000000785700000| Untracked 
|  88|0x0000000785800000, 0x0000000785800000, 0x0000000785900000|  0%| F|  |TAMS 0x0000000785800000, 0x0000000785800000| Untracked 
|  89|0x0000000785900000, 0x0000000785900000, 0x0000000785a00000|  0%| F|  |TAMS 0x0000000785900000, 0x0000000785900000| Untracked 
|  90|0x0000000785a00000, 0x0000000785a00000, 0x0000000785b00000|  0%| F|  |TAMS 0x0000000785a00000, 0x0000000785a00000| Untracked 
|  91|0x0000000785b00000, 0x0000000785b00000, 0x0000000785c00000|  0%| F|  |TAMS 0x0000000785b00000, 0x0000000785b00000| Untracked 
|  92|0x0000000785c00000, 0x0000000785c00000, 0x0000000785d00000|  0%| F|  |TAMS 0x0000000785c00000, 0x0000000785c00000| Untracked 
|  93|0x0000000785d00000, 0x0000000785d00000, 0x0000000785e00000|  0%| F|  |TAMS 0x0000000785d00000, 0x0000000785d00000| Untracked 
|  94|0x0000000785e00000, 0x0000000785e00000, 0x0000000785f00000|  0%| F|  |TAMS 0x0000000785e00000, 0x0000000785e00000| Untracked 
|  95|0x0000000785f00000, 0x0000000785f00000, 0x0000000786000000|  0%| F|  |TAMS 0x0000000785f00000, 0x0000000785f00000| Untracked 
|  96|0x0000000786000000, 0x0000000786000000, 0x0000000786100000|  0%| F|  |TAMS 0x0000000786000000, 0x0000000786000000| Untracked 
|  97|0x0000000786100000, 0x0000000786100000, 0x0000000786200000|  0%| F|  |TAMS 0x0000000786100000, 0x0000000786100000| Untracked 
|  98|0x0000000786200000, 0x0000000786200000, 0x0000000786300000|  0%| F|  |TAMS 0x0000000786200000, 0x0000000786200000| Untracked 
|  99|0x0000000786300000, 0x0000000786300000, 0x0000000786400000|  0%| F|  |TAMS 0x0000000786300000, 0x0000000786300000| Untracked 
| 100|0x0000000786400000, 0x0000000786400000, 0x0000000786500000|  0%| F|  |TAMS 0x0000000786400000, 0x0000000786400000| Untracked 
| 101|0x0000000786500000, 0x0000000786500000, 0x0000000786600000|  0%| F|  |TAMS 0x0000000786500000, 0x0000000786500000| Untracked 
| 102|0x0000000786600000, 0x0000000786600000, 0x0000000786700000|  0%| F|  |TAMS 0x0000000786600000, 0x0000000786600000| Untracked 
| 103|0x0000000786700000, 0x0000000786700000, 0x0000000786800000|  0%| F|  |TAMS 0x0000000786700000, 0x0000000786700000| Untracked 
| 104|0x0000000786800000, 0x0000000786800000, 0x0000000786900000|  0%| F|  |TAMS 0x0000000786800000, 0x0000000786800000| Untracked 
| 105|0x0000000786900000, 0x0000000786900000, 0x0000000786a00000|  0%| F|  |TAMS 0x0000000786900000, 0x0000000786900000| Untracked 
| 106|0x0000000786a00000, 0x0000000786a00000, 0x0000000786b00000|  0%| F|  |TAMS 0x0000000786a00000, 0x0000000786a00000| Untracked 
| 107|0x0000000786b00000, 0x0000000786b00000, 0x0000000786c00000|  0%| F|  |TAMS 0x0000000786b00000, 0x0000000786b00000| Untracked 
| 108|0x0000000786c00000, 0x0000000786c00000, 0x0000000786d00000|  0%| F|  |TAMS 0x0000000786c00000, 0x0000000786c00000| Untracked 
| 109|0x0000000786d00000, 0x0000000786d00000, 0x0000000786e00000|  0%| F|  |TAMS 0x0000000786d00000, 0x0000000786d00000| Untracked 
| 110|0x0000000786e00000, 0x0000000786e00000, 0x0000000786f00000|  0%| F|  |TAMS 0x0000000786e00000, 0x0000000786e00000| Untracked 
| 111|0x0000000786f00000, 0x0000000786f00000, 0x0000000787000000|  0%| F|  |TAMS 0x0000000786f00000, 0x0000000786f00000| Untracked 
| 112|0x0000000787000000, 0x0000000787000000, 0x0000000787100000|  0%| F|  |TAMS 0x0000000787000000, 0x0000000787000000| Untracked 
| 113|0x0000000787100000, 0x0000000787100000, 0x0000000787200000|  0%| F|  |TAMS 0x0000000787100000, 0x0000000787100000| Untracked 
| 114|0x0000000787200000, 0x0000000787200000, 0x0000000787300000|  0%| F|  |TAMS 0x0000000787200000, 0x0000000787200000| Untracked 
| 115|0x0000000787300000, 0x0000000787300000, 0x0000000787400000|  0%| F|  |TAMS 0x0000000787300000, 0x0000000787300000| Untracked 
| 116|0x0000000787400000, 0x0000000787400000, 0x0000000787500000|  0%| F|  |TAMS 0x0000000787400000, 0x0000000787400000| Untracked 
| 117|0x0000000787500000, 0x0000000787500000, 0x0000000787600000|  0%| F|  |TAMS 0x0000000787500000, 0x0000000787500000| Untracked 
| 118|0x0000000787600000, 0x0000000787600000, 0x0000000787700000|  0%| F|  |TAMS 0x0000000787600000, 0x0000000787600000| Untracked 
| 119|0x0000000787700000, 0x0000000787700000, 0x0000000787800000|  0%| F|  |TAMS 0x0000000787700000, 0x0000000787700000| Untracked 
| 120|0x0000000787800000, 0x0000000787800000, 0x0000000787900000|  0%| F|  |TAMS 0x0000000787800000, 0x0000000787800000| Untracked 
| 121|0x0000000787900000, 0x0000000787900000, 0x0000000787a00000|  0%| F|  |TAMS 0x0000000787900000, 0x0000000787900000| Untracked 
| 122|0x0000000787a00000, 0x0000000787a00000, 0x0000000787b00000|  0%| F|  |TAMS 0x0000000787a00000, 0x0000000787a00000| Untracked 
| 123|0x0000000787b00000, 0x0000000787bd9b98, 0x0000000787c00000| 85%| E|  |TAMS 0x0000000787b00000, 0x0000000787b00000| Complete 
| 124|0x0000000787c00000, 0x0000000787d00000, 0x0000000787d00000|100%| E|CS|TAMS 0x0000000787c00000, 0x0000000787c00000| Complete 
| 125|0x0000000787d00000, 0x0000000787e00000, 0x0000000787e00000|100%| E|CS|TAMS 0x0000000787d00000, 0x0000000787d00000| Complete 
| 126|0x0000000787e00000, 0x0000000787f00000, 0x0000000787f00000|100%| E|CS|TAMS 0x0000000787e00000, 0x0000000787e00000| Complete 
| 127|0x0000000787f00000, 0x0000000788000000, 0x0000000788000000|100%| E|CS|TAMS 0x0000000787f00000, 0x0000000787f00000| Complete 

Card table byte_map: [0x0000000123b95000,0x0000000123f95000] _byte_map_base: 0x000000011ff95000

Marking Bits (Prev, Next): (CMBitMap*) 0x00007fcc33023018, (CMBitMap*) 0x00007fcc33023050
 Prev Bits: [0x0000000124395000, 0x0000000126395000)
 Next Bits: [0x0000000126395000, 0x0000000128395000)

Polling page: 0x000000010a656000

Metaspace:

Usage:
  Non-class:      7.88 MB capacity,     7.83 MB (>99%) used,    44.77 KB ( <1%) free+waste,     6.44 KB ( <1%) overhead. 
      Class:    802.00 KB capacity,   763.65 KB ( 95%) used,    35.91 KB (  4%) free+waste,     2.44 KB ( <1%) overhead. 
       Both:      8.66 MB capacity,     8.57 MB ( 99%) used,    80.68 KB ( <1%) free+waste,     8.88 KB ( <1%) overhead. 

Virtual space:
  Non-class space:        8.00 MB reserved,       8.00 MB (100%) committed 
      Class space:        1.00 GB reserved,     896.00 KB ( <1%) committed 
             Both:        1.01 GB reserved,       8.88 MB ( <1%) committed 

Chunk freelists:
   Non-Class:  5.38 KB
       Class:  3.75 KB
        Both:  9.12 KB

CodeHeap 'non-profiled nmethods': size=120032Kb used=117Kb max_used=117Kb free=119915Kb
 bounds [0x000000011c15d000, 0x000000011c3cd000, 0x0000000123695000]
CodeHeap 'profiled nmethods': size=120032Kb used=566Kb max_used=566Kb free=119465Kb
 bounds [0x0000000114c25000, 0x0000000114e95000, 0x000000011c15d000]
CodeHeap 'non-nmethods': size=5696Kb used=1125Kb max_used=1140Kb free=4570Kb
 bounds [0x0000000114695000, 0x0000000114905000, 0x0000000114c25000]
 total_blobs=855 nmethods=401 adapters=272
 compilation: enabled
              stopped_count=0, restarted_count=0
 full_count=0

Compilation events (10 events):
Event: 104.819 Thread 0x00007fcc32823000  397       3       java.lang.String::<init> (74 bytes)
Event: 104.819 Thread 0x00007fcc32823000 nmethod 397 0x0000000114cb0310 code [0x0000000114cb0520, 0x0000000114cb0c38]
Event: 104.819 Thread 0x00007fcc32823000  399       1       org.eclipse.jdt.launching.internal.org.objectweb.asm.SymbolTable::get (13 bytes)
Event: 104.820 Thread 0x00007fcc32823000 nmethod 399 0x000000011c17a010 code [0x000000011c17a1c0, 0x000000011c17a330]
Event: 104.820 Thread 0x00007fcc32823000  398       3       org.eclipse.jdt.launching.internal.org.objectweb.asm.ByteVector::put12 (64 bytes)
Event: 104.820 Thread 0x00007fcc32823000 nmethod 398 0x0000000114cb0f10 code [0x0000000114cb10e0, 0x0000000114cb1388]
Event: 104.820 Thread 0x00007fcc32823000  401       3       org.eclipse.jdt.launching.internal.org.objectweb.asm.SymbolTable::addConstantUtf8Reference (101 bytes)
Event: 104.821 Thread 0x00007fcc32823000 nmethod 401 0x0000000114cb1510 code [0x0000000114cb1760, 0x0000000114cb1e58]
Event: 104.821 Thread 0x00007fcc32823000  400       3       org.eclipse.jdt.launching.internal.org.objectweb.asm.ClassReader::createDebugLabel (23 bytes)
Event: 104.821 Thread 0x00007fcc32823000 nmethod 400 0x0000000114cb2210 code [0x0000000114cb2400, 0x0000000114cb2990]

GC Heap History (0 events):
No events

Deoptimization events (0 events):
No events

Classes redefined (2 events):
Event: 26.365 Thread 0x00007fcc3300d000 redefined class name=CW1_GA, count=1
Event: 40.644 Thread 0x00007fcc3300d000 redefined class name=CW1_GA, count=2

Internal exceptions (0 events):
No events

Events (10 events):
Event: 40.784 Executing VM operation: GetFrameCount done
Event: 40.784 Executing VM operation: GetStackTrace
Event: 40.784 Executing VM operation: GetStackTrace done
Event: 42.341 Executing VM operation: GetFrameCount
Event: 42.341 Executing VM operation: GetFrameCount done
Event: 42.341 Executing VM operation: GetOwnedMonitorInfo
Event: 42.341 Executing VM operation: GetOwnedMonitorInfo done
Event: 42.341 Executing VM operation: GetCurrentContendedMonitor
Event: 42.341 Executing VM operation: GetCurrentContendedMonitor done
Event: 104.821 Executing VM operation: RedefineClasses


Dynamic libraries:
0x00007fff463c1000 	/System/Library/Frameworks/Cocoa.framework/Versions/A/Cocoa
0x00007fff52187000 	/System/Library/Frameworks/Security.framework/Versions/A/Security
0x00007fff45053000 	/System/Library/Frameworks/ApplicationServices.framework/Versions/A/ApplicationServices
0x00007fff722a3000 	/usr/lib/libz.1.dylib
0x00007fff6fbfa000 	/usr/lib/libSystem.B.dylib
0x00007fff46c36000 	/System/Library/Frameworks/CoreFoundation.framework/Versions/A/CoreFoundation
0x00007fff48ebb000 	/System/Library/Frameworks/Foundation.framework/Versions/C/Foundation
0x00007fff71433000 	/usr/lib/libobjc.A.dylib
0x00007fff4424c000 	/System/Library/Frameworks/AppKit.framework/Versions/C/AppKit
0x00007fff467bf000 	/System/Library/Frameworks/CoreData.framework/Versions/A/CoreData
0x00007fff696bd000 	/System/Library/PrivateFrameworks/RemoteViewServices.framework/Versions/A/RemoteViewServices
0x00007fff6d936000 	/System/Library/PrivateFrameworks/UIFoundation.framework/Versions/A/UIFoundation
0x00007fff6f01b000 	/System/Library/PrivateFrameworks/XCTTargetBootstrap.framework/Versions/A/XCTTargetBootstrap
0x00007fff46b45000 	/System/Library/Frameworks/CoreDisplay.framework/Versions/A/CoreDisplay
0x00007fff643d0000 	/System/Library/PrivateFrameworks/IconServices.framework/Versions/A/IconServices
0x00007fff4b7f0000 	/System/Library/Frameworks/Metal.framework/Versions/A/Metal
0x00007fff5b914000 	/System/Library/PrivateFrameworks/DesktopServicesPriv.framework/Versions/A/DesktopServicesPriv
0x00007fff70796000 	/usr/lib/libenergytrace.dylib
0x00007fff6be1c000 	/System/Library/PrivateFrameworks/SkyLight.framework/Versions/A/SkyLight
0x00007fff4707d000 	/System/Library/Frameworks/CoreGraphics.framework/Versions/A/CoreGraphics
0x00007fff43018000 	/System/Library/Frameworks/Accelerate.framework/Versions/A/Accelerate
0x00007fff49604000 	/System/Library/Frameworks/IOSurface.framework/Versions/A/IOSurface
0x00007fff5b780000 	/System/Library/PrivateFrameworks/DFRFoundation.framework/Versions/A/DFRFoundation
0x00007fff45536000 	/System/Library/Frameworks/AudioToolbox.framework/Versions/A/AudioToolbox
0x00007fff457af000 	/System/Library/Frameworks/AudioUnit.framework/Versions/A/AudioUnit
0x00007fff5b815000 	/System/Library/PrivateFrameworks/DataDetectorsCore.framework/Versions/A/DataDetectorsCore
0x00007fff45ec4000 	/System/Library/Frameworks/Carbon.framework/Versions/A/Frameworks/HIToolbox.framework/Versions/A/HIToolbox
0x00007fff708ef000 	/usr/lib/libicucore.A.dylib
0x00007fff516f8000 	/System/Library/Frameworks/QuartzCore.framework/Versions/A/QuartzCore
0x00007fff46299000 	/System/Library/Frameworks/Carbon.framework/Versions/A/Frameworks/SpeechRecognition.framework/Versions/A/SpeechRecognition
0x00007fff6fd4e000 	/usr/lib/libauto.dylib
0x00007fff72196000 	/usr/lib/libxml2.2.dylib
0x00007fff5b35b000 	/System/Library/PrivateFrameworks/CoreUI.framework/Versions/A/CoreUI
0x00007fff466aa000 	/System/Library/Frameworks/CoreAudio.framework/Versions/A/CoreAudio
0x00007fff48cef000 	/System/Library/Frameworks/DiskArbitration.framework/Versions/A/DiskArbitration
0x00007fff70b9d000 	/usr/lib/liblangid.dylib
0x00007fff65801000 	/System/Library/PrivateFrameworks/MultitouchSupport.framework/Versions/A/MultitouchSupport
0x00007fff49573000 	/System/Library/Frameworks/IOKit.framework/Versions/A/IOKit
0x00007fff6f7ba000 	/usr/lib/libDiagnosticMessagesClient.dylib
0x00007fff47e8d000 	/System/Library/Frameworks/CoreServices.framework/Versions/A/CoreServices
0x00007fff674bc000 	/System/Library/PrivateFrameworks/PerformanceAnalysis.framework/Versions/A/PerformanceAnalysis
0x00007fff508df000 	/System/Library/Frameworks/OpenGL.framework/Versions/A/OpenGL
0x00007fff463cf000 	/System/Library/Frameworks/ColorSync.framework/Versions/A/ColorSync
0x00007fff4770f000 	/System/Library/Frameworks/CoreImage.framework/Versions/A/CoreImage
0x00007fff48865000 	/System/Library/Frameworks/CoreText.framework/Versions/A/CoreText
0x00007fff49667000 	/System/Library/Frameworks/ImageIO.framework/Versions/A/ImageIO
0x00007fff579ab000 	/System/Library/PrivateFrameworks/Backup.framework/Versions/A/Backup
0x00007fff6fca1000 	/usr/lib/libarchive.2.dylib
0x00007fff45b08000 	/System/Library/Frameworks/CFNetwork.framework/Versions/A/CFNetwork
0x00007fff528e3000 	/System/Library/Frameworks/SystemConfiguration.framework/Versions/A/SystemConfiguration
0x00007fff6f6eb000 	/usr/lib/libCRFSuite.dylib
0x00007fff6fe3f000 	/usr/lib/libc++.1.dylib
0x00007fff6fe93000 	/usr/lib/libc++abi.dylib
0x00007fff72a99000 	/usr/lib/system/libcache.dylib
0x00007fff72a9e000 	/usr/lib/system/libcommonCrypto.dylib
0x00007fff72aa9000 	/usr/lib/system/libcompiler_rt.dylib
0x00007fff72ab1000 	/usr/lib/system/libcopyfile.dylib
0x00007fff72abb000 	/usr/lib/system/libcorecrypto.dylib
0x00007fff72bc6000 	/usr/lib/system/libdispatch.dylib
0x00007fff72c00000 	/usr/lib/system/libdyld.dylib
0x00007fff72c2d000 	/usr/lib/system/libkeymgr.dylib
0x00007fff72c3b000 	/usr/lib/system/liblaunch.dylib
0x00007fff72c3c000 	/usr/lib/system/libmacho.dylib
0x00007fff72c42000 	/usr/lib/system/libquarantine.dylib
0x00007fff72c45000 	/usr/lib/system/libremovefile.dylib
0x00007fff72c47000 	/usr/lib/system/libsystem_asl.dylib
0x00007fff72c5f000 	/usr/lib/system/libsystem_blocks.dylib
0x00007fff72c60000 	/usr/lib/system/libsystem_c.dylib
0x00007fff72ce8000 	/usr/lib/system/libsystem_configuration.dylib
0x00007fff72cec000 	/usr/lib/system/libsystem_coreservices.dylib
0x00007fff72cf0000 	/usr/lib/system/libsystem_darwin.dylib
0x00007fff72cf7000 	/usr/lib/system/libsystem_dnssd.dylib
0x00007fff72cfe000 	/usr/lib/system/libsystem_info.dylib
0x00007fff72d73000 	/usr/lib/system/libsystem_m.dylib
0x00007fff72dbf000 	/usr/lib/system/libsystem_malloc.dylib
0x00007fff72dea000 	/usr/lib/system/libsystem_networkextension.dylib
0x00007fff72df5000 	/usr/lib/system/libsystem_notify.dylib
0x00007fff72e12000 	/usr/lib/system/libsystem_sandbox.dylib
0x00007fff72e16000 	/usr/lib/system/libsystem_secinit.dylib
0x00007fff72d4a000 	/usr/lib/system/libsystem_kernel.dylib
0x00007fff72dfd000 	/usr/lib/system/libsystem_platform.dylib
0x00007fff72e07000 	/usr/lib/system/libsystem_pthread.dylib
0x00007fff72e19000 	/usr/lib/system/libsystem_symptoms.dylib
0x00007fff72e21000 	/usr/lib/system/libsystem_trace.dylib
0x00007fff72e38000 	/usr/lib/system/libunwind.dylib
0x00007fff72e3e000 	/usr/lib/system/libxpc.dylib
0x00007fff6fe20000 	/usr/lib/libbsm.0.dylib
0x00007fff72c2e000 	/usr/lib/system/libkxld.dylib
0x00007fff56d9c000 	/System/Library/PrivateFrameworks/AppleFSCompression.framework/Versions/A/AppleFSCompression
0x00007fff6faba000 	/usr/lib/libOpenScriptingUtil.dylib
0x00007fff70148000 	/usr/lib/libcoretls.dylib
0x00007fff7015f000 	/usr/lib/libcoretls_cfhelpers.dylib
0x00007fff71bca000 	/usr/lib/libpam.2.dylib
0x00007fff71d8a000 	/usr/lib/libsqlite3.dylib
0x00007fff72184000 	/usr/lib/libxar.1.dylib
0x00007fff6fe31000 	/usr/lib/libbz2.1.0.dylib
0x00007fff70b9f000 	/usr/lib/liblzma.5.dylib
0x00007fff71050000 	/usr/lib/libnetwork.dylib
0x00007fff6fc8a000 	/usr/lib/libapple_nghttp2.dylib
0x00007fff71bd1000 	/usr/lib/libpcap.A.dylib
0x00007fff4822c000 	/System/Library/Frameworks/CoreServices.framework/Versions/A/Frameworks/FSEvents.framework/Versions/A/FSEvents
0x00007fff47f0b000 	/System/Library/Frameworks/CoreServices.framework/Versions/A/Frameworks/CarbonCore.framework/Versions/A/CarbonCore
0x00007fff483e7000 	/System/Library/Frameworks/CoreServices.framework/Versions/A/Frameworks/Metadata.framework/Versions/A/Metadata
0x00007fff48486000 	/System/Library/Frameworks/CoreServices.framework/Versions/A/Frameworks/OSServices.framework/Versions/A/OSServices
0x00007fff484d1000 	/System/Library/Frameworks/CoreServices.framework/Versions/A/Frameworks/SearchKit.framework/Versions/A/SearchKit
0x00007fff47e8e000 	/System/Library/Frameworks/CoreServices.framework/Versions/A/Frameworks/AE.framework/Versions/A/AE
0x00007fff48235000 	/System/Library/Frameworks/CoreServices.framework/Versions/A/Frameworks/LaunchServices.framework/Versions/A/LaunchServices
0x00007fff481e3000 	/System/Library/Frameworks/CoreServices.framework/Versions/A/Frameworks/DictionaryServices.framework/Versions/A/DictionaryServices
0x00007fff48539000 	/System/Library/Frameworks/CoreServices.framework/Versions/A/Frameworks/SharedFileList.framework/Versions/A/SharedFileList
0x00007fff4c8ba000 	/System/Library/Frameworks/NetFS.framework/Versions/A/NetFS
0x00007fff65a67000 	/System/Library/PrivateFrameworks/NetAuth.framework/Versions/A/NetAuth
0x00007fff6f41f000 	/System/Library/PrivateFrameworks/login.framework/Versions/A/Frameworks/loginsupport.framework/Versions/A/loginsupport
0x00007fff6d53f000 	/System/Library/PrivateFrameworks/TCC.framework/Versions/A/TCC
0x00007fff5a9b8000 	/System/Library/PrivateFrameworks/CoreNLP.framework/Versions/A/CoreNLP
0x00007fff654d7000 	/System/Library/PrivateFrameworks/MetadataUtilities.framework/Versions/A/MetadataUtilities
0x00007fff70c74000 	/usr/lib/libmecabra.dylib
0x00007fff45054000 	/System/Library/Frameworks/ApplicationServices.framework/Versions/A/Frameworks/ATS.framework/Versions/A/ATS
0x00007fff453a3000 	/System/Library/Frameworks/ApplicationServices.framework/Versions/A/Frameworks/ColorSyncLegacy.framework/Versions/A/ColorSyncLegacy
0x00007fff45442000 	/System/Library/Frameworks/ApplicationServices.framework/Versions/A/Frameworks/HIServices.framework/Versions/A/HIServices
0x00007fff45495000 	/System/Library/Frameworks/ApplicationServices.framework/Versions/A/Frameworks/LangAnalysis.framework/Versions/A/LangAnalysis
0x00007fff454a5000 	/System/Library/Frameworks/ApplicationServices.framework/Versions/A/Frameworks/PrintCore.framework/Versions/A/PrintCore
0x00007fff454ef000 	/System/Library/Frameworks/ApplicationServices.framework/Versions/A/Frameworks/QD.framework/Versions/A/QD
0x00007fff45529000 	/System/Library/Frameworks/ApplicationServices.framework/Versions/A/Frameworks/SpeechSynthesis.framework/Versions/A/SpeechSynthesis
0x00007fff6febb000 	/usr/lib/libcompression.dylib
0x00007fff4bac0000 	/System/Library/Frameworks/MetalPerformanceShaders.framework/Versions/A/MetalPerformanceShaders
0x00007fff43030000 	/System/Library/Frameworks/Accelerate.framework/Versions/A/Frameworks/vImage.framework/Versions/A/vImage
0x00007fff440aa000 	/System/Library/Frameworks/Accelerate.framework/Versions/A/Frameworks/vecLib.framework/Versions/A/vecLib
0x00007fff43ff6000 	/System/Library/Frameworks/Accelerate.framework/Versions/A/Frameworks/vecLib.framework/Versions/A/libvMisc.dylib
0x00007fff43e0e000 	/System/Library/Frameworks/Accelerate.framework/Versions/A/Frameworks/vecLib.framework/Versions/A/libvDSP.dylib
0x00007fff436ca000 	/System/Library/Frameworks/Accelerate.framework/Versions/A/Frameworks/vecLib.framework/Versions/A/libBLAS.dylib
0x00007fff439b7000 	/System/Library/Frameworks/Accelerate.framework/Versions/A/Frameworks/vecLib.framework/Versions/A/libLAPACK.dylib
0x00007fff43d61000 	/System/Library/Frameworks/Accelerate.framework/Versions/A/Frameworks/vecLib.framework/Versions/A/libLinearAlgebra.dylib
0x00007fff43dfa000 	/System/Library/Frameworks/Accelerate.framework/Versions/A/Frameworks/vecLib.framework/Versions/A/libSparseBLAS.dylib
0x00007fff43d77000 	/System/Library/Frameworks/Accelerate.framework/Versions/A/Frameworks/vecLib.framework/Versions/A/libQuadrature.dylib
0x00007fff43944000 	/System/Library/Frameworks/Accelerate.framework/Versions/A/Frameworks/vecLib.framework/Versions/A/libBNNS.dylib
0x00007fff43d7d000 	/System/Library/Frameworks/Accelerate.framework/Versions/A/Frameworks/vecLib.framework/Versions/A/libSparse.dylib
0x00007fff61d06000 	/System/Library/PrivateFrameworks/GPUWrangler.framework/Versions/A/GPUWrangler
0x00007fff64005000 	/System/Library/PrivateFrameworks/IOAccelerator.framework/Versions/A/IOAccelerator
0x00007fff64010000 	/System/Library/PrivateFrameworks/IOPresentment.framework/Versions/A/IOPresentment
0x00007fff5b790000 	/System/Library/PrivateFrameworks/DSExternalDisplay.framework/Versions/A/DSExternalDisplay
0x00007fff4fd36000 	/System/Library/Frameworks/OpenGL.framework/Versions/A/Libraries/libCoreFSCache.dylib
0x00007fff4b8b4000 	/System/Library/Frameworks/MetalPerformanceShaders.framework/Frameworks/MPSCore.framework/Versions/A/MPSCore
0x00007fff4b8d4000 	/System/Library/Frameworks/MetalPerformanceShaders.framework/Frameworks/MPSImage.framework/Versions/A/MPSImage
0x00007fff4b979000 	/System/Library/Frameworks/MetalPerformanceShaders.framework/Frameworks/MPSNeuralNetwork.framework/Versions/A/MPSNeuralNetwork
0x00007fff4b951000 	/System/Library/Frameworks/MetalPerformanceShaders.framework/Frameworks/MPSMatrix.framework/Versions/A/MPSMatrix
0x00007fff4baa5000 	/System/Library/Frameworks/MetalPerformanceShaders.framework/Frameworks/MPSRayIntersector.framework/Versions/A/MPSRayIntersector
0x00007fff65500000 	/System/Library/PrivateFrameworks/MetalTools.framework/Versions/A/MetalTools
0x00007fff56646000 	/System/Library/PrivateFrameworks/AggregateDictionary.framework/Versions/A/AggregateDictionary
0x00007fff6fa9a000 	/usr/lib/libMobileGestalt.dylib
0x00007fff489c8000 	/System/Library/Frameworks/CoreVideo.framework/Versions/A/CoreVideo
0x00007fff62b17000 	/System/Library/PrivateFrameworks/GraphVisualizer.framework/Versions/A/GraphVisualizer
0x00007fff5c996000 	/System/Library/PrivateFrameworks/FaceCore.framework/Versions/A/FaceCore
0x00007fff4f364000 	/System/Library/Frameworks/OpenCL.framework/Versions/A/OpenCL
0x00007fff6f7f2000 	/usr/lib/libFosl_dynamic.dylib
0x00007fff662d2000 	/System/Library/PrivateFrameworks/OTSVG.framework/Versions/A/OTSVG
0x00007fff45158000 	/System/Library/Frameworks/ApplicationServices.framework/Versions/A/Frameworks/ATS.framework/Versions/A/Resources/libFontParser.dylib
0x00007fff45270000 	/System/Library/Frameworks/ApplicationServices.framework/Versions/A/Frameworks/ATS.framework/Versions/A/Resources/libFontRegistry.dylib
0x00007fff498d6000 	/System/Library/Frameworks/ImageIO.framework/Versions/A/Resources/libJPEG.dylib
0x00007fff49bfb000 	/System/Library/Frameworks/ImageIO.framework/Versions/A/Resources/libTIFF.dylib
0x00007fff49bd1000 	/System/Library/Frameworks/ImageIO.framework/Versions/A/Resources/libPng.dylib
0x00007fff497f4000 	/System/Library/Frameworks/ImageIO.framework/Versions/A/Resources/libGIF.dylib
0x00007fff497f9000 	/System/Library/Frameworks/ImageIO.framework/Versions/A/Resources/libJP2.dylib
0x00007fff49bf8000 	/System/Library/Frameworks/ImageIO.framework/Versions/A/Resources/libRadiance.dylib
0x00007fff56ef3000 	/System/Library/PrivateFrameworks/AppleJPEG.framework/Versions/A/AppleJPEG
0x00007fff4fd41000 	/System/Library/Frameworks/OpenGL.framework/Versions/A/Libraries/libGFXShared.dylib
0x00007fff4ff04000 	/System/Library/Frameworks/OpenGL.framework/Versions/A/Libraries/libGLU.dylib
0x00007fff4fd4a000 	/System/Library/Frameworks/OpenGL.framework/Versions/A/Libraries/libGL.dylib
0x00007fff4fd56000 	/System/Library/Frameworks/OpenGL.framework/Versions/A/Libraries/libGLImage.dylib
0x00007fff4fd33000 	/System/Library/Frameworks/OpenGL.framework/Versions/A/Libraries/libCVMSPluginSupport.dylib
0x00007fff4fd3c000 	/System/Library/Frameworks/OpenGL.framework/Versions/A/Libraries/libCoreVMClient.dylib
0x00007fff7060c000 	/usr/lib/libcups.2.dylib
0x00007fff4adbb000 	/System/Library/Frameworks/Kerberos.framework/Versions/A/Kerberos
0x00007fff492d7000 	/System/Library/Frameworks/GSS.framework/Versions/A/GSS
0x00007fff71d1f000 	/usr/lib/libresolv.9.dylib
0x00007fff707fe000 	/usr/lib/libiconv.2.dylib
0x00007fff62c8c000 	/System/Library/PrivateFrameworks/Heimdal.framework/Versions/A/Heimdal
0x00007fff707ce000 	/usr/lib/libheimdal-asn1.dylib
0x00007fff4f3d8000 	/System/Library/Frameworks/OpenDirectory.framework/Versions/A/OpenDirectory
0x00007fff5971b000 	/System/Library/PrivateFrameworks/CommonAuth.framework/Versions/A/CommonAuth
0x00007fff4f3bc000 	/System/Library/Frameworks/OpenDirectory.framework/Versions/A/Frameworks/CFOpenDirectory.framework/Versions/A/CFOpenDirectory
0x00007fff52488000 	/System/Library/Frameworks/SecurityFoundation.framework/Versions/A/SecurityFoundation
0x00007fff55b8c000 	/System/Library/PrivateFrameworks/APFS.framework/Versions/A/APFS
0x00007fff72180000 	/usr/lib/libutil.dylib
0x00007fff6fea9000 	/usr/lib/libcharset.1.dylib
0x00007fff57190000 	/System/Library/PrivateFrameworks/AppleSauce.framework/Versions/A/AppleSauce
0x00007fff57311000 	/System/Library/PrivateFrameworks/AssertionServices.framework/Versions/A/AssertionServices
0x00007fff57a41000 	/System/Library/PrivateFrameworks/BaseBoard.framework/Versions/A/BaseBoard
0x00007fff70bcf000 	/usr/lib/libmecab.1.0.0.dylib
0x00007fff707c8000 	/usr/lib/libgermantok.dylib
0x00007fff6fc77000 	/usr/lib/libThaiTokenizer.dylib
0x00007fff6f722000 	/usr/lib/libChineseTokenizer.dylib
0x00007fff646bd000 	/System/Library/PrivateFrameworks/LanguageModeling.framework/Versions/A/LanguageModeling
0x00007fff5a3fd000 	/System/Library/PrivateFrameworks/CoreEmoji.framework/Versions/A/CoreEmoji
0x00007fff64799000 	/System/Library/PrivateFrameworks/Lexicon.framework/Versions/A/Lexicon
0x00007fff647dc000 	/System/Library/PrivateFrameworks/LinguisticData.framework/Versions/A/LinguisticData
0x00007fff6feaa000 	/usr/lib/libcmph.dylib
0x00007fff52546000 	/System/Library/Frameworks/ServiceManagement.framework/Versions/A/ServiceManagement
0x00007fff579a2000 	/System/Library/PrivateFrameworks/BackgroundTaskManagement.framework/Versions/A/BackgroundTaskManagement
0x00007fff7227a000 	/usr/lib/libxslt.1.dylib
0x00007fff461c6000 	/System/Library/Frameworks/Carbon.framework/Versions/A/Frameworks/Ink.framework/Versions/A/Ink
0x00007fff6d7b1000 	/System/Library/PrivateFrameworks/TextureIO.framework/Versions/A/TextureIO
0x00007fff6fccb000 	/usr/lib/libate.dylib
0x00007fff5b6df000 	/System/Library/PrivateFrameworks/CrashReporterSupport.framework/Versions/A/CrashReporterSupport
0x00007fff6aee9000 	/System/Library/PrivateFrameworks/Sharing.framework/Versions/A/Sharing
0x00007fff576f4000 	/System/Library/PrivateFrameworks/AuthKit.framework/Versions/A/AuthKit
0x00007fff56c48000 	/System/Library/PrivateFrameworks/Apple80211.framework/Versions/A/Apple80211
0x00007fff5b487000 	/System/Library/PrivateFrameworks/CoreUtils.framework/Versions/A/CoreUtils
0x00007fff48a09000 	/System/Library/Frameworks/CoreWLAN.framework/Versions/A/CoreWLAN
0x00007fff49406000 	/System/Library/Frameworks/IOBluetooth.framework/Versions/A/IOBluetooth
0x00007fff6935d000 	/System/Library/PrivateFrameworks/ProtocolBuffer.framework/Versions/A/ProtocolBuffer
0x00007fff6575d000 	/System/Library/PrivateFrameworks/MobileKeyBag.framework/Versions/A/MobileKeyBag
0x00007fff5accb000 	/System/Library/PrivateFrameworks/CorePhoneNumbers.framework/Versions/A/CorePhoneNumbers
0x00007fff56ea7000 	/System/Library/PrivateFrameworks/AppleIDAuthSupport.framework/Versions/A/AppleIDAuthSupport
0x00007fff64690000 	/System/Library/PrivateFrameworks/KeychainCircle.framework/Versions/A/KeychainCircle
0x00007fff69513000 	/System/Library/PrivateFrameworks/ROCKit.framework/Versions/A/ROCKit
0x00007fff5b67b000 	/System/Library/PrivateFrameworks/CoreWiFi.framework/Versions/A/CoreWiFi
0x00007fff46794000 	/System/Library/Frameworks/CoreBluetooth.framework/Versions/A/CoreBluetooth
0x00007fff5b8d6000 	/System/Library/PrivateFrameworks/DebugSymbols.framework/Versions/A/DebugSymbols
0x00007fff5b247000 	/System/Library/PrivateFrameworks/CoreSymbolication.framework/Versions/A/CoreSymbolication
0x00007fff6cfcc000 	/System/Library/PrivateFrameworks/Symbolication.framework/Versions/A/Symbolication
0x00007fff6c86f000 	/System/Library/PrivateFrameworks/SpeechRecognitionCore.framework/Versions/A/SpeechRecognitionCore
0x000000010b600000 	/Library/Java/JavaVirtualMachines/jdk-11.jdk/Contents/Home/lib/server/libjvm.dylib
0x000000010a606000 	/Library/Java/JavaVirtualMachines/jdk-11.jdk/Contents/Home/lib/libverify.dylib
0x000000010a612000 	/Library/Java/JavaVirtualMachines/jdk-11.jdk/Contents/Home/lib/libjava.dylib
0x000000010a658000 	/Library/Java/JavaVirtualMachines/jdk-11.jdk/Contents/Home/lib/libjdwp.dylib
0x000000010a690000 	/Library/Java/JavaVirtualMachines/jdk-11.jdk/Contents/Home/lib/libinstrument.dylib
0x000000010a728000 	/Library/Java/JavaVirtualMachines/jdk-11.jdk/Contents/Home/lib/libzip.dylib
0x000000010a730000 	/Library/Java/JavaVirtualMachines/jdk-11.jdk/Contents/Home/lib/libjimage.dylib
0x000000012b049000 	/Library/Java/JavaVirtualMachines/jdk-11.jdk/Contents/Home/lib/libdt_socket.dylib
0x000000012b04f000 	/Library/Java/JavaVirtualMachines/jdk-11.jdk/Contents/Home/lib/libnio.dylib
0x000000012b05d000 	/Library/Java/JavaVirtualMachines/jdk-11.jdk/Contents/Home/lib/./libnet.dylib


VM Arguments:
jvm_args: -agentlib:jdwp=transport=dt_socket,suspend=y,address=localhost:60361 -javaagent:/Applications/Eclipse.app/Contents/Eclipse/configuration/org.eclipse.osgi/253/0/.cp/lib/javaagent-shaded.jar -Dfile.encoding=UTF-8 
java_command: CW1_GA
java_class_path (initial): /Users/dominicbeardmore/eclipse-workspace/CSC3423-1/bin:/Users/dominicbeardmore/eclipse-workspace/CSC3423-1/jenetics-4.2.0.jar:/Users/dominicbeardmore/eclipse-workspace/CSC3423-1/jswarm-pso_2_08-recompiled.jar
Launcher Type: SUN_STANDARD

[Global flags]
     intx CICompilerCount                          = 3                                         {product} {ergonomic}
     uint ConcGCThreads                            = 1                                         {product} {ergonomic}
     uint G1ConcRefinementThreads                  = 4                                         {product} {ergonomic}
   size_t G1HeapRegionSize                         = 1048576                                   {product} {ergonomic}
    uintx GCDrainStackTargetSize                   = 64                                        {product} {ergonomic}
   size_t InitialHeapSize                          = 134217728                                 {product} {ergonomic}
   size_t MarkStackSize                            = 4194304                                   {product} {ergonomic}
   size_t MaxHeapSize                              = 2147483648                                {product} {ergonomic}
   size_t MaxNewSize                               = 1287651328                                {product} {ergonomic}
   size_t MinHeapDeltaBytes                        = 1048576                                   {product} {ergonomic}
    uintx NonNMethodCodeHeapSize                   = 5830092                                {pd product} {ergonomic}
    uintx NonProfiledCodeHeapSize                  = 122914074                              {pd product} {ergonomic}
    uintx ProfiledCodeHeapSize                     = 122914074                              {pd product} {ergonomic}
    uintx ReservedCodeCacheSize                    = 251658240                              {pd product} {ergonomic}
     bool SegmentedCodeCache                       = true                                      {product} {ergonomic}
     bool UseCompressedClassPointers               = true                                 {lp64_product} {ergonomic}
     bool UseCompressedOops                        = true                                 {lp64_product} {ergonomic}
     bool UseG1GC                                  = true                                      {product} {ergonomic}

Logging:
Log output configuration:
 #0: stdout all=warning uptime,level,tags
 #1: stderr all=off uptime,level,tags

Environment Variables:
PATH=/usr/bin:/bin:/usr/sbin:/sbin
SHELL=/bin/bash

Signal Handlers:
SIGSEGV: [libjvm.dylib+0x752794], sa_mask[0]=11111111011111110111111111111111, sa_flags=SA_ONSTACK|SA_RESTART|SA_SIGINFO
SIGBUS: [libjvm.dylib+0x752794], sa_mask[0]=11111111011111110111111111111111, sa_flags=SA_RESTART|SA_SIGINFO
SIGFPE: [libjvm.dylib+0x752794], sa_mask[0]=11111111011111110111111111111111, sa_flags=SA_RESTART|SA_SIGINFO
SIGPIPE: [libjvm.dylib+0x602d52], sa_mask[0]=11111111011111110111111111111111, sa_flags=SA_RESTART|SA_SIGINFO
SIGXFSZ: [libjvm.dylib+0x602d52], sa_mask[0]=11111111011111110111111111111111, sa_flags=SA_RESTART|SA_SIGINFO
SIGILL: [libjvm.dylib+0x752794], sa_mask[0]=11111111011111110111111111111111, sa_flags=SA_RESTART|SA_SIGINFO
SIGUSR2: [libjvm.dylib+0x603337], sa_mask[0]=00100000000000000000000000000000, sa_flags=SA_RESTART|SA_SIGINFO
SIGHUP: [libjvm.dylib+0x601d93], sa_mask[0]=11111111011111110111111111111111, sa_flags=SA_RESTART|SA_SIGINFO
SIGINT: [libjvm.dylib+0x601d93], sa_mask[0]=11111111011111110111111111111111, sa_flags=SA_RESTART|SA_SIGINFO
SIGTERM: [libjvm.dylib+0x601d93], sa_mask[0]=11111111011111110111111111111111, sa_flags=SA_RESTART|SA_SIGINFO
SIGQUIT: [libjvm.dylib+0x601d93], sa_mask[0]=11111111011111110111111111111111, sa_flags=SA_RESTART|SA_SIGINFO


---------------  S Y S T E M  ---------------

OS:uname:Darwin 18.7.0 Darwin Kernel Version 18.7.0: Mon Aug 31 20:53:32 PDT 2020; root:xnu-4903.278.44~1/RELEASE_X86_64 x86_64
rlimit: STACK 8192k, CORE 0k, NPROC 709, NOFILE 10240, AS infinity, DATA infinity, FSIZE infinity
load average:2.26 2.32 2.49

CPU:total 4 (initial active 4) (2 cores per cpu, 2 threads per core) family 6 model 142 stepping 9, cmov, cx8, fxsr, mmx, sse, sse2, sse3, ssse3, sse4.1, sse4.2, popcnt, avx, avx2, aes, clmul, erms, rtm, 3dnowpref, lzcnt, ht, tsc, tscinvbit, bmi1, bmi2, adx, fma

Memory: 4k page, physical 8388608k(234736k free)

vm_info: Java HotSpot(TM) 64-Bit Server VM (11+28) for bsd-amd64 JRE (11+28), built on Aug 23 2018 01:55:41 by "mach5one" with gcc 4.2.1 Compatible Apple LLVM 9.1.0 (clang-902.0.39.2)

END.
